[2021-12-01 20:45:47] Текст ошибки: Could not connect to database (fw). | Файл: /var/www/konkurs/vendor/fw/libs/rb.php, | Строка: 858
==========================
[2021-12-01 20:45:48] Текст ошибки: Could not connect to database (fw). | Файл: /var/www/konkurs/vendor/fw/libs/rb.php, | Строка: 858
==========================
[2021-12-01 20:45:55] Текст ошибки: Could not connect to database (fw). | Файл: /var/www/konkurs/vendor/fw/libs/rb.php, | Строка: 858
==========================
[2021-12-01 20:46:11] Текст ошибки: Could not connect to database (fw). | Файл: /var/www/konkurs/vendor/fw/libs/rb.php, | Строка: 858
==========================
[2021-12-01 20:48:37] Текст ошибки: Could not connect to database (fw). | Файл: /var/www/konkurs/vendor/fw/libs/rb.php, | Строка: 858
==========================
[2021-12-01 20:48:40] Текст ошибки: Контроллер <b>app\controllers\BbbController</b> не найден | Файл: /var/www/konkurs/vendor/fw/core/Router.php, | Строка: 102
==========================
[2021-12-01 20:48:50] Текст ошибки: Контроллер <b>app\controllers\BbbController</b> не найден | Файл: /var/www/konkurs/vendor/fw/core/Router.php, | Строка: 102
==========================
[2021-12-01 20:48:53] Текст ошибки: Could not connect to database (fw). | Файл: /var/www/konkurs/vendor/fw/libs/rb.php, | Строка: 858
==========================
[2021-12-02 02:50:30] Текст ошибки: Страница не найдена | Файл: /var/www/konkurs/vendor/fw/core/Router.php, | Строка: 107
==========================
[2021-12-02 02:53:02] Текст ошибки: Страница не найдена | Файл: /var/www/konkurs/vendor/fw/core/Router.php, | Строка: 107
==========================
[2021-12-02 02:56:31] Текст ошибки: Страница не найдена | Файл: /var/www/konkurs/vendor/fw/core/Router.php, | Строка: 107
==========================
[2021-12-02 03:28:54] Текст ошибки: Контроллер <b>app\controllers\LoginController</b> не найден | Файл: /var/www/konkurs/vendor/fw/core/Router.php, | Строка: 102
==========================
[2021-12-02 03:46:04] Текст ошибки: Страница не найдена | Файл: /var/www/konkurs/vendor/fw/core/Router.php, | Строка: 107
==========================
[2021-12-02 05:46:01] Текст ошибки: Страница не найдена | Файл: /var/www/konkurs/vendor/fw/core/Router.php, | Строка: 107
==========================
[2021-12-02 06:13:37] Текст ошибки: Страница не найдена | Файл: /var/www/konkurs/vendor/fw/core/Router.php, | Строка: 107
==========================
[2021-12-02 07:54:53] Текст ошибки: Страница не найдена | Файл: /var/www/konkurs/vendor/fw/core/Router.php, | Строка: 107
==========================
[2021-12-02 14:34:02] Текст ошибки: Контроллер <b>app\controllers\ActuatorController</b> не найден | Файл: /var/www/konkurs/vendor/fw/core/Router.php, | Строка: 102
==========================
[2021-12-02 16:58:40] Текст ошибки: Страница не найдена | Файл: /var/www/konkurs/vendor/fw/core/Router.php, | Строка: 107
==========================
[2021-12-02 16:58:44] Текст ошибки: Страница не найдена | Файл: /var/www/konkurs/vendor/fw/core/Router.php, | Строка: 107
==========================
[2021-12-02 16:58:48] Текст ошибки: Страница не найдена | Файл: /var/www/konkurs/vendor/fw/core/Router.php, | Строка: 107
==========================
[2021-12-02 16:58:50] Текст ошибки: Страница не найдена | Файл: /var/www/konkurs/vendor/fw/core/Router.php, | Строка: 107
==========================
[2021-12-02 17:07:09] Текст ошибки: Метод <b>app\controllers\MainController::profileAction</b> не найден | Файл: /var/www/konkurs/vendor/fw/core/Router.php, | Строка: 98
==========================
[2021-12-02 17:12:26] Текст ошибки: Страница не найдена | Файл: /var/www/konkurs/vendor/fw/core/Router.php, | Строка: 107
==========================
[2021-12-03 02:41:09] Текст ошибки: Страница не найдена | Файл: /var/www/konkurs/vendor/fw/core/Router.php, | Строка: 107
==========================
[2021-12-03 02:41:57] Текст ошибки: Страница не найдена | Файл: /var/www/konkurs/vendor/fw/core/Router.php, | Строка: 107
==========================
[2021-12-03 02:48:07] Текст ошибки: Страница не найдена | Файл: /var/www/konkurs/vendor/fw/core/Router.php, | Строка: 107
==========================
[2021-12-03 04:06:58] Текст ошибки: Undefined variable: cur_user | Файл: /var/www/konkurs/app/views/Main/chat.php, | Строка: 3
==========================
[2021-12-03 05:50:03] Текст ошибки: Страница не найдена | Файл: /var/www/konkurs/vendor/fw/core/Router.php, | Строка: 107
==========================
[2021-12-03 07:54:08] Текст ошибки: Страница не найдена | Файл: /var/www/konkurs/vendor/fw/core/Router.php, | Строка: 107
==========================
[2021-12-03 10:35:00] Текст ошибки: Страница не найдена | Файл: /var/www/konkurs/vendor/fw/core/Router.php, | Строка: 107
==========================
[2021-12-03 11:45:41] Текст ошибки: Страница не найдена | Файл: /var/www/konkurs/vendor/fw/core/Router.php, | Строка: 107
==========================
[2021-12-03 14:28:38] Текст ошибки: Страница не найдена | Файл: /var/www/konkurs/vendor/fw/core/Router.php, | Строка: 107
==========================
[2021-12-03 14:41:50] Текст ошибки: Контроллер <b>app\controllers\ActuatorController</b> не найден | Файл: /var/www/konkurs/vendor/fw/core/Router.php, | Строка: 102
==========================
[2021-12-03 18:14:15] Текст ошибки: Страница не найдена | Файл: /var/www/konkurs/vendor/fw/core/Router.php, | Строка: 107
==========================
[2021-12-03 18:49:26] Текст ошибки: Страница не найдена | Файл: /var/www/konkurs/vendor/fw/core/Router.php, | Строка: 107
==========================
[2021-12-03 20:05:26] Текст ошибки: Страница не найдена | Файл: /var/www/konkurs/vendor/fw/core/Router.php, | Строка: 107
==========================
[2021-12-03 20:05:26] Текст ошибки: Страница не найдена | Файл: /var/www/konkurs/vendor/fw/core/Router.php, | Строка: 107
==========================
[2021-12-03 23:18:43] Текст ошибки: Trying to access array offset on value of type null | Файл: /var/www/konkurs/app/views/layouts/login.php, | Строка: 11
==========================
[2021-12-04 01:33:44] Текст ошибки: Страница не найдена | Файл: /var/www/konkurs/vendor/fw/core/Router.php, | Строка: 107
==========================
[2021-12-04 03:19:57] Текст ошибки: Страница не найдена | Файл: /var/www/konkurs/vendor/fw/core/Router.php, | Строка: 107
==========================
[2021-12-04 03:45:03] Текст ошибки: Страница не найдена | Файл: /var/www/konkurs/vendor/fw/core/Router.php, | Строка: 107
==========================
[2021-12-04 03:45:18] Текст ошибки: Страница не найдена | Файл: /var/www/konkurs/vendor/fw/core/Router.php, | Строка: 107
==========================
[2021-12-04 03:51:27] Текст ошибки: Страница не найдена | Файл: /var/www/konkurs/vendor/fw/core/Router.php, | Строка: 107
==========================
[2021-12-04 04:41:47] Текст ошибки: Страница не найдена | Файл: /var/www/konkurs/vendor/fw/core/Router.php, | Строка: 107
==========================
[2021-12-04 05:28:59] Текст ошибки: Страница не найдена | Файл: /var/www/konkurs/vendor/fw/core/Router.php, | Строка: 107
==========================
[2021-12-04 05:52:25] Текст ошибки: Страница не найдена | Файл: /var/www/konkurs/vendor/fw/core/Router.php, | Строка: 107
==========================
[2021-12-04 07:37:35] Текст ошибки: Страница не найдена | Файл: /var/www/konkurs/vendor/fw/core/Router.php, | Строка: 107
==========================
[2021-12-04 07:37:35] Текст ошибки: Страница не найдена | Файл: /var/www/konkurs/vendor/fw/core/Router.php, | Строка: 107
==========================
[2021-12-04 07:37:35] Текст ошибки: Страница не найдена | Файл: /var/www/konkurs/vendor/fw/core/Router.php, | Строка: 107
==========================
[2021-12-04 07:37:35] Текст ошибки: Страница не найдена | Файл: /var/www/konkurs/vendor/fw/core/Router.php, | Строка: 107
==========================
[2021-12-04 07:37:35] Текст ошибки: Страница не найдена | Файл: /var/www/konkurs/vendor/fw/core/Router.php, | Строка: 107
==========================
[2021-12-04 07:37:39] Текст ошибки: Страница не найдена | Файл: /var/www/konkurs/vendor/fw/core/Router.php, | Строка: 107
==========================
[2021-12-04 07:39:39] Текст ошибки: Страница не найдена | Файл: /var/www/konkurs/vendor/fw/core/Router.php, | Строка: 107
==========================
[2021-12-04 07:39:39] Текст ошибки: Страница не найдена | Файл: /var/www/konkurs/vendor/fw/core/Router.php, | Строка: 107
==========================
[2021-12-04 07:39:39] Текст ошибки: Страница не найдена | Файл: /var/www/konkurs/vendor/fw/core/Router.php, | Строка: 107
==========================
[2021-12-04 07:39:39] Текст ошибки: Страница не найдена | Файл: /var/www/konkurs/vendor/fw/core/Router.php, | Строка: 107
==========================
[2021-12-04 07:39:39] Текст ошибки: Страница не найдена | Файл: /var/www/konkurs/vendor/fw/core/Router.php, | Строка: 107
==========================
[2021-12-04 07:40:59] Текст ошибки: Страница не найдена | Файл: /var/www/konkurs/vendor/fw/core/Router.php, | Строка: 107
==========================
[2021-12-04 07:40:59] Текст ошибки: Страница не найдена | Файл: /var/www/konkurs/vendor/fw/core/Router.php, | Строка: 107
==========================
[2021-12-04 07:41:50] Текст ошибки: Страница не найдена | Файл: /var/www/konkurs/vendor/fw/core/Router.php, | Строка: 107
==========================
[2021-12-04 07:45:32] Текст ошибки: Страница не найдена | Файл: /var/www/konkurs/vendor/fw/core/Router.php, | Строка: 107
==========================
[2021-12-04 07:45:32] Текст ошибки: Страница не найдена | Файл: /var/www/konkurs/vendor/fw/core/Router.php, | Строка: 107
==========================
[2021-12-04 07:45:34] Текст ошибки: Страница не найдена | Файл: /var/www/konkurs/vendor/fw/core/Router.php, | Строка: 107
==========================
[2021-12-04 07:45:34] Текст ошибки: Страница не найдена | Файл: /var/www/konkurs/vendor/fw/core/Router.php, | Строка: 107
==========================
[2021-12-04 07:58:39] Текст ошибки: Страница не найдена | Файл: /var/www/konkurs/vendor/fw/core/Router.php, | Строка: 107
==========================
[2021-12-04 08:35:18] Текст ошибки: Страница не найдена | Файл: /var/www/konkurs/vendor/fw/core/Router.php, | Строка: 107
==========================
